2017-05-25 23:17:45,803 [Worker-6] ERROR o.e.m.c.i.i.nexus.NexusIndexManager - Error changing index details workspace://
java.io.FileNotFoundException: E:\Dev\DCSI\dcsi\ship3\src\.metadata\.plugins\org.eclipse.m2e.core\nexus\830bc118332e77292949ed1e6d2fabe0\_0.cfs (The system cannot find the file specified)
	at java.io.RandomAccessFile.open0(Native Method) ~[na:1.8.0_131]
	at java.io.RandomAccessFile.open(Unknown Source) ~[na:1.8.0_131]
	at java.io.RandomAccessFile.<init>(Unknown Source) ~[na:1.8.0_131]
	at org.apache.lucene.store.FSDirectory$FSIndexInput$Descriptor.<init>(FSDirectory.java:552) ~[lucene-core-2.4.1.jar:2.4.1 750176 - 2009-03-04 21:56:52]
	at org.apache.lucene.store.FSDirectory$FSIndexInput.<init>(FSDirectory.java:582) ~[lucene-core-2.4.1.jar:2.4.1 750176 - 2009-03-04 21:56:52]
	at org.apache.lucene.store.FSDirectory.openInput(FSDirectory.java:488) ~[lucene-core-2.4.1.jar:2.4.1 750176 - 2009-03-04 21:56:52]
	at org.apache.lucene.index.CompoundFileReader.<init>(CompoundFileReader.java:70) ~[lucene-core-2.4.1.jar:2.4.1 750176 - 2009-03-04 21:56:52]
	at org.apache.lucene.index.SegmentReader.initialize(SegmentReader.java:321) ~[lucene-core-2.4.1.jar:2.4.1 750176 - 2009-03-04 21:56:52]
	at org.apache.lucene.index.SegmentReader.get(SegmentReader.java:306) ~[lucene-core-2.4.1.jar:2.4.1 750176 - 2009-03-04 21:56:52]
	at org.apache.lucene.index.SegmentReader.get(SegmentReader.java:236) ~[lucene-core-2.4.1.jar:2.4.1 750176 - 2009-03-04 21:56:52]
	at org.apache.lucene.index.DocumentsWriter.applyDeletes(DocumentsWriter.java:915) ~[lucene-core-2.4.1.jar:2.4.1 750176 - 2009-03-04 21:56:52]
	at org.apache.lucene.index.IndexWriter.applyDeletes(IndexWriter.java:4339) ~[lucene-core-2.4.1.jar:2.4.1 750176 - 2009-03-04 21:56:52]
	at org.apache.lucene.index.IndexWriter.doFlush(IndexWriter.java:3579) ~[lucene-core-2.4.1.jar:2.4.1 750176 - 2009-03-04 21:56:52]
	at org.apache.lucene.index.IndexWriter.flush(IndexWriter.java:3450) ~[lucene-core-2.4.1.jar:2.4.1 750176 - 2009-03-04 21:56:52]
	at org.apache.lucene.index.IndexWriter.closeInternal(IndexWriter.java:1638) ~[lucene-core-2.4.1.jar:2.4.1 750176 - 2009-03-04 21:56:52]
	at org.apache.lucene.index.IndexWriter.close(IndexWriter.java:1602) ~[lucene-core-2.4.1.jar:2.4.1 750176 - 2009-03-04 21:56:52]
	at org.apache.lucene.index.IndexWriter.close(IndexWriter.java:1578) ~[lucene-core-2.4.1.jar:2.4.1 750176 - 2009-03-04 21:56:52]
	at org.apache.maven.index.context.NexusIndexWriter.close(NexusIndexWriter.java:58) ~[indexer-core-3.1.0.jar:3.1.0]
	at org.apache.maven.index.context.DefaultIndexingContext.prepareCleanIndex(DefaultIndexingContext.java:235) ~[indexer-core-3.1.0.jar:3.1.0]
	at org.apache.maven.index.context.DefaultIndexingContext.prepareIndex(DefaultIndexingContext.java:205) ~[indexer-core-3.1.0.jar:3.1.0]
	at org.apache.maven.index.context.DefaultIndexingContext.<init>(DefaultIndexingContext.java:173) ~[indexer-core-3.1.0.jar:3.1.0]
	at org.apache.maven.index.DefaultNexusIndexer.addIndexingContextForced(DefaultNexusIndexer.java:160) ~[org.eclipse.m2e.maven.indexer_1.7.0.20160603-1931/:na]
	at org.eclipse.m2e.core.internal.index.nexus.NexusIndexManager.createIndexingContext(NexusIndexManager.java:965) [org.eclipse.m2e.core_1.7.0.20160603-1933.jar:na]
	at org.eclipse.m2e.core.internal.index.nexus.NexusIndexManager.setIndexDetails(NexusIndexManager.java:932) [org.eclipse.m2e.core_1.7.0.20160603-1933.jar:na]
	at org.eclipse.m2e.core.internal.index.nexus.NexusIndexManager.repositoryAdded(NexusIndexManager.java:878) [org.eclipse.m2e.core_1.7.0.20160603-1933.jar:na]
	at org.eclipse.m2e.core.internal.repository.RepositoryRegistry.addRepository(RepositoryRegistry.java:163) [org.eclipse.m2e.core_1.7.0.20160603-1933.jar:na]
	at org.eclipse.m2e.core.internal.repository.RepositoryRegistry.updateRegistry(RepositoryRegistry.java:236) [org.eclipse.m2e.core_1.7.0.20160603-1933.jar:na]
	at org.eclipse.m2e.core.internal.repository.RepositoryRegistryUpdateJob.run(RepositoryRegistryUpdateJob.java:47) [org.eclipse.m2e.core_1.7.0.20160603-1933.jar:na]
	at org.eclipse.core.internal.jobs.Worker.run(Worker.java:55) [org.eclipse.core.jobs_3.8.0.v20160509-0411.jar:na]
2017-05-25 23:17:45,864 [Worker-6] ERROR o.e.m.c.i.r.RepositoryRegistry - Could not add repository index
org.eclipse.core.runtime.CoreException: Could not add repository index
	at org.eclipse.m2e.core.internal.index.nexus.NexusIndexManager.setIndexDetails(NexusIndexManager.java:945) ~[org.eclipse.m2e.core_1.7.0.20160603-1933.jar:na]
	at org.eclipse.m2e.core.internal.index.nexus.NexusIndexManager.repositoryAdded(NexusIndexManager.java:878) ~[org.eclipse.m2e.core_1.7.0.20160603-1933.jar:na]
	at org.eclipse.m2e.core.internal.repository.RepositoryRegistry.addRepository(RepositoryRegistry.java:163) [org.eclipse.m2e.core_1.7.0.20160603-1933.jar:na]
	at org.eclipse.m2e.core.internal.repository.RepositoryRegistry.updateRegistry(RepositoryRegistry.java:236) [org.eclipse.m2e.core_1.7.0.20160603-1933.jar:na]
	at org.eclipse.m2e.core.internal.repository.RepositoryRegistryUpdateJob.run(RepositoryRegistryUpdateJob.java:47) [org.eclipse.m2e.core_1.7.0.20160603-1933.jar:na]
	at org.eclipse.core.internal.jobs.Worker.run(Worker.java:55) [org.eclipse.core.jobs_3.8.0.v20160509-0411.jar:na]
Caused by: java.io.FileNotFoundException: E:\Dev\DCSI\dcsi\ship3\src\.metadata\.plugins\org.eclipse.m2e.core\nexus\830bc118332e77292949ed1e6d2fabe0\_0.cfs (The system cannot find the file specified)
	at java.io.RandomAccessFile.open0(Native Method) ~[na:1.8.0_131]
	at java.io.RandomAccessFile.open(Unknown Source) ~[na:1.8.0_131]
	at java.io.RandomAccessFile.<init>(Unknown Source) ~[na:1.8.0_131]
	at org.apache.lucene.store.FSDirectory$FSIndexInput$Descriptor.<init>(FSDirectory.java:552) ~[lucene-core-2.4.1.jar:2.4.1 750176 - 2009-03-04 21:56:52]
	at org.apache.lucene.store.FSDirectory$FSIndexInput.<init>(FSDirectory.java:582) ~[lucene-core-2.4.1.jar:2.4.1 750176 - 2009-03-04 21:56:52]
	at org.apache.lucene.store.FSDirectory.openInput(FSDirectory.java:488) ~[lucene-core-2.4.1.jar:2.4.1 750176 - 2009-03-04 21:56:52]
	at org.apache.lucene.index.CompoundFileReader.<init>(CompoundFileReader.java:70) ~[lucene-core-2.4.1.jar:2.4.1 750176 - 2009-03-04 21:56:52]
	at org.apache.lucene.index.SegmentReader.initialize(SegmentReader.java:321) ~[lucene-core-2.4.1.jar:2.4.1 750176 - 2009-03-04 21:56:52]
	at org.apache.lucene.index.SegmentReader.get(SegmentReader.java:306) ~[lucene-core-2.4.1.jar:2.4.1 750176 - 2009-03-04 21:56:52]
	at org.apache.lucene.index.SegmentReader.get(SegmentReader.java:236) ~[lucene-core-2.4.1.jar:2.4.1 750176 - 2009-03-04 21:56:52]
	at org.apache.lucene.index.DocumentsWriter.applyDeletes(DocumentsWriter.java:915) ~[lucene-core-2.4.1.jar:2.4.1 750176 - 2009-03-04 21:56:52]
	at org.apache.lucene.index.IndexWriter.applyDeletes(IndexWriter.java:4339) ~[lucene-core-2.4.1.jar:2.4.1 750176 - 2009-03-04 21:56:52]
	at org.apache.lucene.index.IndexWriter.doFlush(IndexWriter.java:3579) ~[lucene-core-2.4.1.jar:2.4.1 750176 - 2009-03-04 21:56:52]
	at org.apache.lucene.index.IndexWriter.flush(IndexWriter.java:3450) ~[lucene-core-2.4.1.jar:2.4.1 750176 - 2009-03-04 21:56:52]
	at org.apache.lucene.index.IndexWriter.closeInternal(IndexWriter.java:1638) ~[lucene-core-2.4.1.jar:2.4.1 750176 - 2009-03-04 21:56:52]
	at org.apache.lucene.index.IndexWriter.close(IndexWriter.java:1602) ~[lucene-core-2.4.1.jar:2.4.1 750176 - 2009-03-04 21:56:52]
	at org.apache.lucene.index.IndexWriter.close(IndexWriter.java:1578) ~[lucene-core-2.4.1.jar:2.4.1 750176 - 2009-03-04 21:56:52]
	at org.apache.maven.index.context.NexusIndexWriter.close(NexusIndexWriter.java:58) ~[indexer-core-3.1.0.jar:3.1.0]
	at org.apache.maven.index.context.DefaultIndexingContext.prepareCleanIndex(DefaultIndexingContext.java:235) ~[indexer-core-3.1.0.jar:3.1.0]
	at org.apache.maven.index.context.DefaultIndexingContext.prepareIndex(DefaultIndexingContext.java:205) ~[indexer-core-3.1.0.jar:3.1.0]
	at org.apache.maven.index.context.DefaultIndexingContext.<init>(DefaultIndexingContext.java:173) ~[indexer-core-3.1.0.jar:3.1.0]
	at org.apache.maven.index.DefaultNexusIndexer.addIndexingContextForced(DefaultNexusIndexer.java:160) ~[org.eclipse.m2e.maven.indexer_1.7.0.20160603-1931/:na]
	at org.eclipse.m2e.core.internal.index.nexus.NexusIndexManager.createIndexingContext(NexusIndexManager.java:965) ~[org.eclipse.m2e.core_1.7.0.20160603-1933.jar:na]
	at org.eclipse.m2e.core.internal.index.nexus.NexusIndexManager.setIndexDetails(NexusIndexManager.java:932) ~[org.eclipse.m2e.core_1.7.0.20160603-1933.jar:na]
	... 5 common frames omitted
2017-05-25 23:17:45,927 [Worker-6] ERROR o.e.m.c.i.i.nexus.NexusIndexManager - Error changing index details file:/C:/Users/Cosmin/.m2/repository/
java.io.FileNotFoundException: E:\Dev\DCSI\dcsi\ship3\src\.metadata\.plugins\org.eclipse.m2e.core\nexus\061ffc33f55540b8bbf2868773be704f\_0.cfs (The system cannot find the file specified)
	at java.io.RandomAccessFile.open0(Native Method) ~[na:1.8.0_131]
	at java.io.RandomAccessFile.open(Unknown Source) ~[na:1.8.0_131]
	at java.io.RandomAccessFile.<init>(Unknown Source) ~[na:1.8.0_131]
	at org.apache.lucene.store.FSDirectory$FSIndexInput$Descriptor.<init>(FSDirectory.java:552) ~[lucene-core-2.4.1.jar:2.4.1 750176 - 2009-03-04 21:56:52]
	at org.apache.lucene.store.FSDirectory$FSIndexInput.<init>(FSDirectory.java:582) ~[lucene-core-2.4.1.jar:2.4.1 750176 - 2009-03-04 21:56:52]
	at org.apache.lucene.store.FSDirectory.openInput(FSDirectory.java:488) ~[lucene-core-2.4.1.jar:2.4.1 750176 - 2009-03-04 21:56:52]
	at org.apache.lucene.index.CompoundFileReader.<init>(CompoundFileReader.java:70) ~[lucene-core-2.4.1.jar:2.4.1 750176 - 2009-03-04 21:56:52]
	at org.apache.lucene.index.SegmentReader.initialize(SegmentReader.java:321) ~[lucene-core-2.4.1.jar:2.4.1 750176 - 2009-03-04 21:56:52]
	at org.apache.lucene.index.SegmentReader.get(SegmentReader.java:306) ~[lucene-core-2.4.1.jar:2.4.1 750176 - 2009-03-04 21:56:52]
	at org.apache.lucene.index.SegmentReader.get(SegmentReader.java:236) ~[lucene-core-2.4.1.jar:2.4.1 750176 - 2009-03-04 21:56:52]
	at org.apache.lucene.index.DocumentsWriter.applyDeletes(DocumentsWriter.java:915) ~[lucene-core-2.4.1.jar:2.4.1 750176 - 2009-03-04 21:56:52]
	at org.apache.lucene.index.IndexWriter.applyDeletes(IndexWriter.java:4339) ~[lucene-core-2.4.1.jar:2.4.1 750176 - 2009-03-04 21:56:52]
	at org.apache.lucene.index.IndexWriter.doFlush(IndexWriter.java:3579) ~[lucene-core-2.4.1.jar:2.4.1 750176 - 2009-03-04 21:56:52]
	at org.apache.lucene.index.IndexWriter.flush(IndexWriter.java:3450) ~[lucene-core-2.4.1.jar:2.4.1 750176 - 2009-03-04 21:56:52]
	at org.apache.lucene.index.IndexWriter.closeInternal(IndexWriter.java:1638) ~[lucene-core-2.4.1.jar:2.4.1 750176 - 2009-03-04 21:56:52]
	at org.apache.lucene.index.IndexWriter.close(IndexWriter.java:1602) ~[lucene-core-2.4.1.jar:2.4.1 750176 - 2009-03-04 21:56:52]
	at org.apache.lucene.index.IndexWriter.close(IndexWriter.java:1578) ~[lucene-core-2.4.1.jar:2.4.1 750176 - 2009-03-04 21:56:52]
	at org.apache.maven.index.context.NexusIndexWriter.close(NexusIndexWriter.java:58) ~[indexer-core-3.1.0.jar:3.1.0]
	at org.apache.maven.index.context.DefaultIndexingContext.prepareCleanIndex(DefaultIndexingContext.java:235) ~[indexer-core-3.1.0.jar:3.1.0]
	at org.apache.maven.index.context.DefaultIndexingContext.prepareIndex(DefaultIndexingContext.java:205) ~[indexer-core-3.1.0.jar:3.1.0]
	at org.apache.maven.index.context.DefaultIndexingContext.<init>(DefaultIndexingContext.java:173) ~[indexer-core-3.1.0.jar:3.1.0]
	at org.apache.maven.index.DefaultNexusIndexer.addIndexingContextForced(DefaultNexusIndexer.java:160) ~[org.eclipse.m2e.maven.indexer_1.7.0.20160603-1931/:na]
	at org.eclipse.m2e.core.internal.index.nexus.NexusIndexManager.createIndexingContext(NexusIndexManager.java:965) [org.eclipse.m2e.core_1.7.0.20160603-1933.jar:na]
	at org.eclipse.m2e.core.internal.index.nexus.NexusIndexManager.setIndexDetails(NexusIndexManager.java:932) [org.eclipse.m2e.core_1.7.0.20160603-1933.jar:na]
	at org.eclipse.m2e.core.internal.index.nexus.NexusIndexManager.repositoryAdded(NexusIndexManager.java:878) [org.eclipse.m2e.core_1.7.0.20160603-1933.jar:na]
	at org.eclipse.m2e.core.internal.repository.RepositoryRegistry.addRepository(RepositoryRegistry.java:163) [org.eclipse.m2e.core_1.7.0.20160603-1933.jar:na]
	at org.eclipse.m2e.core.internal.repository.RepositoryRegistry.updateRegistry(RepositoryRegistry.java:241) [org.eclipse.m2e.core_1.7.0.20160603-1933.jar:na]
	at org.eclipse.m2e.core.internal.repository.RepositoryRegistryUpdateJob.run(RepositoryRegistryUpdateJob.java:47) [org.eclipse.m2e.core_1.7.0.20160603-1933.jar:na]
	at org.eclipse.core.internal.jobs.Worker.run(Worker.java:55) [org.eclipse.core.jobs_3.8.0.v20160509-0411.jar:na]
2017-05-25 23:17:45,942 [Worker-6] ERROR o.e.m.c.i.r.RepositoryRegistry - Could not add repository index
org.eclipse.core.runtime.CoreException: Could not add repository index
	at org.eclipse.m2e.core.internal.index.nexus.NexusIndexManager.setIndexDetails(NexusIndexManager.java:945) ~[org.eclipse.m2e.core_1.7.0.20160603-1933.jar:na]
	at org.eclipse.m2e.core.internal.index.nexus.NexusIndexManager.repositoryAdded(NexusIndexManager.java:878) ~[org.eclipse.m2e.core_1.7.0.20160603-1933.jar:na]
	at org.eclipse.m2e.core.internal.repository.RepositoryRegistry.addRepository(RepositoryRegistry.java:163) [org.eclipse.m2e.core_1.7.0.20160603-1933.jar:na]
	at org.eclipse.m2e.core.internal.repository.RepositoryRegistry.updateRegistry(RepositoryRegistry.java:241) [org.eclipse.m2e.core_1.7.0.20160603-1933.jar:na]
	at org.eclipse.m2e.core.internal.repository.RepositoryRegistryUpdateJob.run(RepositoryRegistryUpdateJob.java:47) [org.eclipse.m2e.core_1.7.0.20160603-1933.jar:na]
	at org.eclipse.core.internal.jobs.Worker.run(Worker.java:55) [org.eclipse.core.jobs_3.8.0.v20160509-0411.jar:na]
Caused by: java.io.FileNotFoundException: E:\Dev\DCSI\dcsi\ship3\src\.metadata\.plugins\org.eclipse.m2e.core\nexus\061ffc33f55540b8bbf2868773be704f\_0.cfs (The system cannot find the file specified)
	at java.io.RandomAccessFile.open0(Native Method) ~[na:1.8.0_131]
	at java.io.RandomAccessFile.open(Unknown Source) ~[na:1.8.0_131]
	at java.io.RandomAccessFile.<init>(Unknown Source) ~[na:1.8.0_131]
	at org.apache.lucene.store.FSDirectory$FSIndexInput$Descriptor.<init>(FSDirectory.java:552) ~[lucene-core-2.4.1.jar:2.4.1 750176 - 2009-03-04 21:56:52]
	at org.apache.lucene.store.FSDirectory$FSIndexInput.<init>(FSDirectory.java:582) ~[lucene-core-2.4.1.jar:2.4.1 750176 - 2009-03-04 21:56:52]
	at org.apache.lucene.store.FSDirectory.openInput(FSDirectory.java:488) ~[lucene-core-2.4.1.jar:2.4.1 750176 - 2009-03-04 21:56:52]
	at org.apache.lucene.index.CompoundFileReader.<init>(CompoundFileReader.java:70) ~[lucene-core-2.4.1.jar:2.4.1 750176 - 2009-03-04 21:56:52]
	at org.apache.lucene.index.SegmentReader.initialize(SegmentReader.java:321) ~[lucene-core-2.4.1.jar:2.4.1 750176 - 2009-03-04 21:56:52]
	at org.apache.lucene.index.SegmentReader.get(SegmentReader.java:306) ~[lucene-core-2.4.1.jar:2.4.1 750176 - 2009-03-04 21:56:52]
	at org.apache.lucene.index.SegmentReader.get(SegmentReader.java:236) ~[lucene-core-2.4.1.jar:2.4.1 750176 - 2009-03-04 21:56:52]
	at org.apache.lucene.index.DocumentsWriter.applyDeletes(DocumentsWriter.java:915) ~[lucene-core-2.4.1.jar:2.4.1 750176 - 2009-03-04 21:56:52]
	at org.apache.lucene.index.IndexWriter.applyDeletes(IndexWriter.java:4339) ~[lucene-core-2.4.1.jar:2.4.1 750176 - 2009-03-04 21:56:52]
	at org.apache.lucene.index.IndexWriter.doFlush(IndexWriter.java:3579) ~[lucene-core-2.4.1.jar:2.4.1 750176 - 2009-03-04 21:56:52]
	at org.apache.lucene.index.IndexWriter.flush(IndexWriter.java:3450) ~[lucene-core-2.4.1.jar:2.4.1 750176 - 2009-03-04 21:56:52]
	at org.apache.lucene.index.IndexWriter.closeInternal(IndexWriter.java:1638) ~[lucene-core-2.4.1.jar:2.4.1 750176 - 2009-03-04 21:56:52]
	at org.apache.lucene.index.IndexWriter.close(IndexWriter.java:1602) ~[lucene-core-2.4.1.jar:2.4.1 750176 - 2009-03-04 21:56:52]
	at org.apache.lucene.index.IndexWriter.close(IndexWriter.java:1578) ~[lucene-core-2.4.1.jar:2.4.1 750176 - 2009-03-04 21:56:52]
	at org.apache.maven.index.context.NexusIndexWriter.close(NexusIndexWriter.java:58) ~[indexer-core-3.1.0.jar:3.1.0]
	at org.apache.maven.index.context.DefaultIndexingContext.prepareCleanIndex(DefaultIndexingContext.java:235) ~[indexer-core-3.1.0.jar:3.1.0]
	at org.apache.maven.index.context.DefaultIndexingContext.prepareIndex(DefaultIndexingContext.java:205) ~[indexer-core-3.1.0.jar:3.1.0]
	at org.apache.maven.index.context.DefaultIndexingContext.<init>(DefaultIndexingContext.java:173) ~[indexer-core-3.1.0.jar:3.1.0]
	at org.apache.maven.index.DefaultNexusIndexer.addIndexingContextForced(DefaultNexusIndexer.java:160) ~[org.eclipse.m2e.maven.indexer_1.7.0.20160603-1931/:na]
	at org.eclipse.m2e.core.internal.index.nexus.NexusIndexManager.createIndexingContext(NexusIndexManager.java:965) ~[org.eclipse.m2e.core_1.7.0.20160603-1933.jar:na]
	at org.eclipse.m2e.core.internal.index.nexus.NexusIndexManager.setIndexDetails(NexusIndexManager.java:932) ~[org.eclipse.m2e.core_1.7.0.20160603-1933.jar:na]
	... 5 common frames omitted
2017-05-25 23:17:45,991 [Worker-6] ERROR o.e.m.c.i.i.nexus.NexusIndexManager - Error changing index details central|https://repo.maven.apache.org/maven2
java.io.FileNotFoundException: E:\Dev\DCSI\dcsi\ship3\src\.metadata\.plugins\org.eclipse.m2e.core\nexus\05b0fe8524860bd73cbb07ef30fb34cc\_0.cfs (The system cannot find the file specified)
	at java.io.RandomAccessFile.open0(Native Method) ~[na:1.8.0_131]
	at java.io.RandomAccessFile.open(Unknown Source) ~[na:1.8.0_131]
	at java.io.RandomAccessFile.<init>(Unknown Source) ~[na:1.8.0_131]
	at org.apache.lucene.store.FSDirectory$FSIndexInput$Descriptor.<init>(FSDirectory.java:552) ~[lucene-core-2.4.1.jar:2.4.1 750176 - 2009-03-04 21:56:52]
	at org.apache.lucene.store.FSDirectory$FSIndexInput.<init>(FSDirectory.java:582) ~[lucene-core-2.4.1.jar:2.4.1 750176 - 2009-03-04 21:56:52]
	at org.apache.lucene.store.FSDirectory.openInput(FSDirectory.java:488) ~[lucene-core-2.4.1.jar:2.4.1 750176 - 2009-03-04 21:56:52]
	at org.apache.lucene.index.CompoundFileReader.<init>(CompoundFileReader.java:70) ~[lucene-core-2.4.1.jar:2.4.1 750176 - 2009-03-04 21:56:52]
	at org.apache.lucene.index.SegmentReader.initialize(SegmentReader.java:321) ~[lucene-core-2.4.1.jar:2.4.1 750176 - 2009-03-04 21:56:52]
	at org.apache.lucene.index.SegmentReader.get(SegmentReader.java:306) ~[lucene-core-2.4.1.jar:2.4.1 750176 - 2009-03-04 21:56:52]
	at org.apache.lucene.index.SegmentReader.get(SegmentReader.java:236) ~[lucene-core-2.4.1.jar:2.4.1 750176 - 2009-03-04 21:56:52]
	at org.apache.lucene.index.DocumentsWriter.applyDeletes(DocumentsWriter.java:915) ~[lucene-core-2.4.1.jar:2.4.1 750176 - 2009-03-04 21:56:52]
	at org.apache.lucene.index.IndexWriter.applyDeletes(IndexWriter.java:4339) ~[lucene-core-2.4.1.jar:2.4.1 750176 - 2009-03-04 21:56:52]
	at org.apache.lucene.index.IndexWriter.doFlush(IndexWriter.java:3579) ~[lucene-core-2.4.1.jar:2.4.1 750176 - 2009-03-04 21:56:52]
	at org.apache.lucene.index.IndexWriter.flush(IndexWriter.java:3450) ~[lucene-core-2.4.1.jar:2.4.1 750176 - 2009-03-04 21:56:52]
	at org.apache.lucene.index.IndexWriter.closeInternal(IndexWriter.java:1638) ~[lucene-core-2.4.1.jar:2.4.1 750176 - 2009-03-04 21:56:52]
	at org.apache.lucene.index.IndexWriter.close(IndexWriter.java:1602) ~[lucene-core-2.4.1.jar:2.4.1 750176 - 2009-03-04 21:56:52]
	at org.apache.lucene.index.IndexWriter.close(IndexWriter.java:1578) ~[lucene-core-2.4.1.jar:2.4.1 750176 - 2009-03-04 21:56:52]
	at org.apache.maven.index.context.NexusIndexWriter.close(NexusIndexWriter.java:58) ~[indexer-core-3.1.0.jar:3.1.0]
	at org.apache.maven.index.context.DefaultIndexingContext.prepareCleanIndex(DefaultIndexingContext.java:235) ~[indexer-core-3.1.0.jar:3.1.0]
	at org.apache.maven.index.context.DefaultIndexingContext.prepareIndex(DefaultIndexingContext.java:205) ~[indexer-core-3.1.0.jar:3.1.0]
	at org.apache.maven.index.context.DefaultIndexingContext.<init>(DefaultIndexingContext.java:173) ~[indexer-core-3.1.0.jar:3.1.0]
	at org.apache.maven.index.DefaultNexusIndexer.addIndexingContextForced(DefaultNexusIndexer.java:160) ~[org.eclipse.m2e.maven.indexer_1.7.0.20160603-1931/:na]
	at org.eclipse.m2e.core.internal.index.nexus.NexusIndexManager.createIndexingContext(NexusIndexManager.java:965) [org.eclipse.m2e.core_1.7.0.20160603-1933.jar:na]
	at org.eclipse.m2e.core.internal.index.nexus.NexusIndexManager.setIndexDetails(NexusIndexManager.java:932) [org.eclipse.m2e.core_1.7.0.20160603-1933.jar:na]
	at org.eclipse.m2e.core.internal.index.nexus.NexusIndexManager.repositoryAdded(NexusIndexManager.java:878) [org.eclipse.m2e.core_1.7.0.20160603-1933.jar:na]
	at org.eclipse.m2e.core.internal.repository.RepositoryRegistry.addRepository(RepositoryRegistry.java:163) [org.eclipse.m2e.core_1.7.0.20160603-1933.jar:na]
	at org.eclipse.m2e.core.internal.repository.RepositoryRegistry.updateRegistry(RepositoryRegistry.java:263) [org.eclipse.m2e.core_1.7.0.20160603-1933.jar:na]
	at org.eclipse.m2e.core.internal.repository.RepositoryRegistryUpdateJob.run(RepositoryRegistryUpdateJob.java:47) [org.eclipse.m2e.core_1.7.0.20160603-1933.jar:na]
	at org.eclipse.core.internal.jobs.Worker.run(Worker.java:55) [org.eclipse.core.jobs_3.8.0.v20160509-0411.jar:na]
2017-05-25 23:17:46,005 [Worker-6] ERROR o.e.m.c.i.r.RepositoryRegistry - Could not add repository index
org.eclipse.core.runtime.CoreException: Could not add repository index
	at org.eclipse.m2e.core.internal.index.nexus.NexusIndexManager.setIndexDetails(NexusIndexManager.java:945) ~[org.eclipse.m2e.core_1.7.0.20160603-1933.jar:na]
	at org.eclipse.m2e.core.internal.index.nexus.NexusIndexManager.repositoryAdded(NexusIndexManager.java:878) ~[org.eclipse.m2e.core_1.7.0.20160603-1933.jar:na]
	at org.eclipse.m2e.core.internal.repository.RepositoryRegistry.addRepository(RepositoryRegistry.java:163) [org.eclipse.m2e.core_1.7.0.20160603-1933.jar:na]
	at org.eclipse.m2e.core.internal.repository.RepositoryRegistry.updateRegistry(RepositoryRegistry.java:263) [org.eclipse.m2e.core_1.7.0.20160603-1933.jar:na]
	at org.eclipse.m2e.core.internal.repository.RepositoryRegistryUpdateJob.run(RepositoryRegistryUpdateJob.java:47) [org.eclipse.m2e.core_1.7.0.20160603-1933.jar:na]
	at org.eclipse.core.internal.jobs.Worker.run(Worker.java:55) [org.eclipse.core.jobs_3.8.0.v20160509-0411.jar:na]
Caused by: java.io.FileNotFoundException: E:\Dev\DCSI\dcsi\ship3\src\.metadata\.plugins\org.eclipse.m2e.core\nexus\05b0fe8524860bd73cbb07ef30fb34cc\_0.cfs (The system cannot find the file specified)
	at java.io.RandomAccessFile.open0(Native Method) ~[na:1.8.0_131]
	at java.io.RandomAccessFile.open(Unknown Source) ~[na:1.8.0_131]
	at java.io.RandomAccessFile.<init>(Unknown Source) ~[na:1.8.0_131]
	at org.apache.lucene.store.FSDirectory$FSIndexInput$Descriptor.<init>(FSDirectory.java:552) ~[lucene-core-2.4.1.jar:2.4.1 750176 - 2009-03-04 21:56:52]
	at org.apache.lucene.store.FSDirectory$FSIndexInput.<init>(FSDirectory.java:582) ~[lucene-core-2.4.1.jar:2.4.1 750176 - 2009-03-04 21:56:52]
	at org.apache.lucene.store.FSDirectory.openInput(FSDirectory.java:488) ~[lucene-core-2.4.1.jar:2.4.1 750176 - 2009-03-04 21:56:52]
	at org.apache.lucene.index.CompoundFileReader.<init>(CompoundFileReader.java:70) ~[lucene-core-2.4.1.jar:2.4.1 750176 - 2009-03-04 21:56:52]
	at org.apache.lucene.index.SegmentReader.initialize(SegmentReader.java:321) ~[lucene-core-2.4.1.jar:2.4.1 750176 - 2009-03-04 21:56:52]
	at org.apache.lucene.index.SegmentReader.get(SegmentReader.java:306) ~[lucene-core-2.4.1.jar:2.4.1 750176 - 2009-03-04 21:56:52]
	at org.apache.lucene.index.SegmentReader.get(SegmentReader.java:236) ~[lucene-core-2.4.1.jar:2.4.1 750176 - 2009-03-04 21:56:52]
	at org.apache.lucene.index.DocumentsWriter.applyDeletes(DocumentsWriter.java:915) ~[lucene-core-2.4.1.jar:2.4.1 750176 - 2009-03-04 21:56:52]
	at org.apache.lucene.index.IndexWriter.applyDeletes(IndexWriter.java:4339) ~[lucene-core-2.4.1.jar:2.4.1 750176 - 2009-03-04 21:56:52]
	at org.apache.lucene.index.IndexWriter.doFlush(IndexWriter.java:3579) ~[lucene-core-2.4.1.jar:2.4.1 750176 - 2009-03-04 21:56:52]
	at org.apache.lucene.index.IndexWriter.flush(IndexWriter.java:3450) ~[lucene-core-2.4.1.jar:2.4.1 750176 - 2009-03-04 21:56:52]
	at org.apache.lucene.index.IndexWriter.closeInternal(IndexWriter.java:1638) ~[lucene-core-2.4.1.jar:2.4.1 750176 - 2009-03-04 21:56:52]
	at org.apache.lucene.index.IndexWriter.close(IndexWriter.java:1602) ~[lucene-core-2.4.1.jar:2.4.1 750176 - 2009-03-04 21:56:52]
	at org.apache.lucene.index.IndexWriter.close(IndexWriter.java:1578) ~[lucene-core-2.4.1.jar:2.4.1 750176 - 2009-03-04 21:56:52]
	at org.apache.maven.index.context.NexusIndexWriter.close(NexusIndexWriter.java:58) ~[indexer-core-3.1.0.jar:3.1.0]
	at org.apache.maven.index.context.DefaultIndexingContext.prepareCleanIndex(DefaultIndexingContext.java:235) ~[indexer-core-3.1.0.jar:3.1.0]
	at org.apache.maven.index.context.DefaultIndexingContext.prepareIndex(DefaultIndexingContext.java:205) ~[indexer-core-3.1.0.jar:3.1.0]
	at org.apache.maven.index.context.DefaultIndexingContext.<init>(DefaultIndexingContext.java:173) ~[indexer-core-3.1.0.jar:3.1.0]
	at org.apache.maven.index.DefaultNexusIndexer.addIndexingContextForced(DefaultNexusIndexer.java:160) ~[org.eclipse.m2e.maven.indexer_1.7.0.20160603-1931/:na]
	at org.eclipse.m2e.core.internal.index.nexus.NexusIndexManager.createIndexingContext(NexusIndexManager.java:965) ~[org.eclipse.m2e.core_1.7.0.20160603-1933.jar:na]
	at org.eclipse.m2e.core.internal.index.nexus.NexusIndexManager.setIndexDetails(NexusIndexManager.java:932) ~[org.eclipse.m2e.core_1.7.0.20160603-1933.jar:na]
	... 5 common frames omitted
